<?xml version="1.0" encoding="UTF-8"?>
<testng-results skipped="0" failed="0" total="1" passed="1">
  <reporter-output>
  </reporter-output>
  <suite name="com.test.SimpleTest" duration-ms="13062" started-at="2015-07-15T16:11:15Z" finished-at="2015-07-15T16:11:28Z">
    <groups>
    </groups>
    <test name="Command line test" duration-ms="13062" started-at="2015-07-15T16:11:15Z" finished-at="2015-07-15T16:11:28Z">
      <class name="com.test.SimpleTest">
        <test-method status="PASS" signature="setUp()[pri:0, instance:com.test.SimpleTest@7d7c214d]" name="setUp" is-config="true" duration-ms="9810" started-at="2015-07-15T17:11:15Z" finished-at="2015-07-15T17:11:25Z">
          <reporter-output>
          </reporter-output>
        </test-method> <!-- setUp -->
        <test-method status="PASS" signature="searchForItemTest()[pri:0, instance:com.test.SimpleTest@7d7c214d]" name="searchForItemTest" duration-ms="2847" started-at="2015-07-15T17:11:25Z" finished-at="2015-07-15T17:11:28Z">
          <reporter-output>
          </reporter-output>
        </test-method> <!-- searchForItemTest -->
        <test-method status="PASS" signature="tearDown()[pri:0, instance:com.test.SimpleTest@7d7c214d]" name="tearDown" is-config="true" duration-ms="385" started-at="2015-07-15T17:11:28Z" finished-at="2015-07-15T17:11:28Z">
          <reporter-output>
          </reporter-output>
        </test-method> <!-- tearDown -->
      </class> <!-- com.test.SimpleTest -->
    </test> <!-- Command line test -->
  </suite> <!-- com.test.SimpleTest -->
</testng-results>
