<?xml version="1.0" encoding="UTF-8"?>
<testng-results skipped="0" failed="0" total="1" passed="1">
  <reporter-output>
  </reporter-output>
  <suite name="com.test.SimpleTest" duration-ms="24493" started-at="2015-07-15T15:28:13Z" finished-at="2015-07-15T15:28:38Z">
    <groups>
    </groups>
    <test name="Command line test" duration-ms="24493" started-at="2015-07-15T15:28:13Z" finished-at="2015-07-15T15:28:38Z">
      <class name="com.test.SimpleTest">
        <test-method status="PASS" signature="setUp()[pri:0, instance:com.test.SimpleTest@7cdb2a34]" name="setUp" is-config="true" duration-ms="19338" started-at="2015-07-15T16:28:13Z" finished-at="2015-07-15T16:28:33Z">
          <reporter-output>
          </reporter-output>
        </test-method> <!-- setUp -->
        <test-method status="PASS" signature="searchForItemTest()[pri:0, instance:com.test.SimpleTest@7cdb2a34]" name="searchForItemTest" duration-ms="4636" started-at="2015-07-15T16:28:33Z" finished-at="2015-07-15T16:28:37Z">
          <reporter-output>
          </reporter-output>
        </test-method> <!-- searchForItemTest -->
        <test-method status="PASS" signature="tearDown()[pri:0, instance:com.test.SimpleTest@7cdb2a34]" name="tearDown" is-config="true" duration-ms="497" started-at="2015-07-15T16:28:37Z" finished-at="2015-07-15T16:28:38Z">
          <reporter-output>
          </reporter-output>
        </test-method> <!-- tearDown -->
      </class> <!-- com.test.SimpleTest -->
    </test> <!-- Command line test -->
  </suite> <!-- com.test.SimpleTest -->
</testng-results>
